This file contains any messages produced by compilers while
running configure, to aid debugging if configure makes a mistake.

It was created by netgen configure 4.9.14-dev, which was
generated by GNU Autoconf 2.67.  Invocation command line was

  $ ./configure --prefix=/opt --enable-occ -with-occ=/usr/include/opencascade

## --------- ##
## Platform. ##
## --------- ##

hostname = cristina-Latitude-D620
uname -m = i686
uname -r = 2.6.38-10-generic
uname -s = Linux
uname -v = #46-Ubuntu SMP Tue Jun 28 15:05:41 UTC 2011

/usr/bin/uname -p = unknown
/bin/uname -X     = unknown

/bin/arch              = unknown
/usr/bin/arch -k       = unknown
/usr/convex/getsysinfo = unknown
/usr/bin/hostinfo      = unknown
/bin/machine           = unknown
/usr/bin/oslevel       = unknown
/bin/universe          = unknown

PATH: /usr/local/sbin
PATH: /usr/local/bin
PATH: /usr/sbin
PATH: /usr/bin
PATH: /sbin
PATH: /bin
PATH: /usr/games


## ----------- ##
## Core tests. ##
## ----------- ##

configure:2615: checking for a BSD-compatible install
configure:2683: result: /usr/bin/install -c
configure:2694: checking whether build environment is sane
configure:2744: result: yes
configure:2885: checking for a thread-safe mkdir -p
configure:2924: result: /bin/mkdir -p
configure:2937: checking for gawk
configure:2967: result: no
configure:2937: checking for mawk
configure:2953: found /usr/bin/mawk
configure:2964: result: mawk
configure:2975: checking whether make sets $(MAKE)
configure:2997: result: yes
configure:3089: checking for correct TEA configuration
configure:3102: result: ok (TEA 3.9)
configure:3178: configuring netgen 4.9.14-dev
configure:3216: checking for Tcl configuration
configure:3339: result: found /usr/lib/tclConfig.sh
configure:3345: checking for existence of /usr/lib/tclConfig.sh
configure:3349: result: loading
configure:3472: checking for Tk configuration
configure:3595: result: found /usr/lib/tkConfig.sh
configure:3601: checking for existence of /usr/lib/tkConfig.sh
configure:3605: result: loading
configure:3690: checking for Tcl public headers
configure:3761: result: /usr/include/tcl8.4
configure:3875: checking for g++
configure:3891: found /usr/bin/g++
configure:3902: result: g++
configure:3929: checking for C++ compiler version
configure:3938: g++ --version >&5
g++ (Ubuntu/Linaro 4.5.2-8ubuntu4) 4.5.2
Copyright (C) 2010 Free Software Foundation, Inc.
This is free software; see the source for copying conditions.  There is NO
warranty; not even for MERCHANTABILITY or FITNESS FOR A PARTICULAR PURPOSE.

configure:3949: $? = 0
configure:3938: g++ -v >&5
Using built-in specs.
COLLECT_GCC=g++
COLLECT_LTO_WRAPPER=/usr/lib/i386-linux-gnu/gcc/i686-linux-gnu/4.5.2/lto-wrapper
Target: i686-linux-gnu
Configured with: ../src/configure -v --with-pkgversion='Ubuntu/Linaro 4.5.2-8ubuntu4' --with-bugurl=file:///usr/share/doc/gcc-4.5/README.Bugs --enable-languages=c,c++,fortran,objc,obj-c++ --prefix=/usr --program-suffix=-4.5 --enable-shared --enable-multiarch --with-multiarch-defaults=i386-linux-gnu --enable-linker-build-id --with-system-zlib --libexecdir=/usr/lib/i386-linux-gnu --without-included-gettext --enable-threads=posix --with-gxx-include-dir=/usr/include/c++/4.5 --libdir=/usr/lib/i386-linux-gnu --enable-nls --with-sysroot=/ --enable-clocale=gnu --enable-libstdcxx-debug --enable-libstdcxx-time=yes --enable-plugin --enable-gold --enable-ld=default --with-plugin-ld=ld.gold --enable-objc-gc --enable-targets=all --disable-werror --with-arch-32=i686 --with-tune=generic --enable-checking=release --build=i686-linux-gnu --host=i686-linux-gnu --target=i686-linux-gnu
Thread model: posix
gcc version 4.5.2 (Ubuntu/Linaro 4.5.2-8ubuntu4) 
configure:3949: $? = 0
configure:3938: g++ -V >&5
g++: '-V' option must have argument
configure:3949: $? = 1
configure:3938: g++ -qversion >&5
g++: unrecognized option '-qversion'
g++: no input files
configure:3949: $? = 1
configure:3969: checking whether the C++ compiler works
configure:3991: g++    conftest.cpp  >&5
configure:3995: $? = 0
configure:4043: result: yes
configure:4046: checking for C++ compiler default output file name
configure:4048: result: a.out
configure:4054: checking for suffix of executables
configure:4061: g++ -o conftest    conftest.cpp  >&5
configure:4065: $? = 0
configure:4087: result: 
configure:4109: checking whether we are cross compiling
configure:4117: g++ -o conftest    conftest.cpp  >&5
configure:4121: $? = 0
configure:4128: ./conftest
configure:4132: $? = 0
configure:4147: result: no
configure:4152: checking for suffix of object files
configure:4174: g++ -c   conftest.cpp >&5
configure:4178: $? = 0
configure:4199: result: o
configure:4203: checking whether we are using the GNU C++ compiler
configure:4222: g++ -c   conftest.cpp >&5
configure:4222: $? = 0
configure:4231: result: yes
configure:4240: checking whether g++ accepts -g
configure:4260: g++ -c -g  conftest.cpp >&5
configure:4260: $? = 0
configure:4301: result: yes
configure:4335: checking for style of include used by make
configure:4363: result: GNU
configure:4388: checking dependency style of g++
configure:4498: result: gcc3
configure:4542: checking build system type
configure:4556: result: i686-pc-linux-gnu
configure:4576: checking host system type
configure:4589: result: i686-pc-linux-gnu
configure:4657: checking for gcc
configure:4673: found /usr/bin/gcc
configure:4684: result: gcc
configure:4913: checking for C compiler version
configure:4922: gcc --version >&5
gcc (Ubuntu/Linaro 4.5.2-8ubuntu4) 4.5.2
Copyright (C) 2010 Free Software Foundation, Inc.
This is free software; see the source for copying conditions.  There is NO
warranty; not even for MERCHANTABILITY or FITNESS FOR A PARTICULAR PURPOSE.

configure:4933: $? = 0
configure:4922: gcc -v >&5
Using built-in specs.
COLLECT_GCC=gcc
COLLECT_LTO_WRAPPER=/usr/lib/i386-linux-gnu/gcc/i686-linux-gnu/4.5.2/lto-wrapper
Target: i686-linux-gnu
Configured with: ../src/configure -v --with-pkgversion='Ubuntu/Linaro 4.5.2-8ubuntu4' --with-bugurl=file:///usr/share/doc/gcc-4.5/README.Bugs --enable-languages=c,c++,fortran,objc,obj-c++ --prefix=/usr --program-suffix=-4.5 --enable-shared --enable-multiarch --with-multiarch-defaults=i386-linux-gnu --enable-linker-build-id --with-system-zlib --libexecdir=/usr/lib/i386-linux-gnu --without-included-gettext --enable-threads=posix --with-gxx-include-dir=/usr/include/c++/4.5 --libdir=/usr/lib/i386-linux-gnu --enable-nls --with-sysroot=/ --enable-clocale=gnu --enable-libstdcxx-debug --enable-libstdcxx-time=yes --enable-plugin --enable-gold --enable-ld=default --with-plugin-ld=ld.gold --enable-objc-gc --enable-targets=all --disable-werror --with-arch-32=i686 --with-tune=generic --enable-checking=release --build=i686-linux-gnu --host=i686-linux-gnu --target=i686-linux-gnu
Thread model: posix
gcc version 4.5.2 (Ubuntu/Linaro 4.5.2-8ubuntu4) 
configure:4933: $? = 0
configure:4922: gcc -V >&5
gcc: '-V' option must have argument
configure:4933: $? = 1
configure:4922: gcc -qversion >&5
gcc: unrecognized option '-qversion'
gcc: no input files
configure:4933: $? = 1
configure:4937: checking whether we are using the GNU C compiler
configure:4956: gcc -c   conftest.c >&5
configure:4956: $? = 0
configure:4965: result: yes
configure:4974: checking whether gcc accepts -g
configure:4994: gcc -c -g  conftest.c >&5
configure:4994: $? = 0
configure:5035: result: yes
configure:5052: checking for gcc option to accept ISO C89
configure:5116: gcc  -c -g -O2  conftest.c >&5
configure:5116: $? = 0
configure:5129: result: none needed
configure:5151: checking dependency style of gcc
configure:5261: result: gcc3
configure:5276: checking for a sed that does not truncate output
configure:5340: result: /bin/sed
configure:5358: checking for grep that handles long lines and -e
configure:5416: result: /bin/grep
configure:5421: checking for egrep
configure:5483: result: /bin/grep -E
configure:5488: checking for fgrep
configure:5550: result: /bin/grep -F
configure:5585: checking for ld used by gcc
configure:5652: result: /usr/bin/ld
configure:5659: checking if the linker (/usr/bin/ld) is GNU ld
configure:5674: result: yes
configure:5686: checking for BSD- or MS-compatible name lister (nm)
configure:5735: result: /usr/bin/nm -B
configure:5853: checking the name lister (/usr/bin/nm -B) interface
configure:5860: g++ -c -g -O2  conftest.cpp >&5
configure:5863: /usr/bin/nm -B "conftest.o"
configure:5866: output
00000000 B some_variable
configure:5873: result: BSD nm
configure:5876: checking whether ln -s works
configure:5880: result: yes
configure:5888: checking the maximum length of command line arguments
configure:6008: result: 1572864
configure:6025: checking whether the shell understands some XSI constructs
configure:6035: result: yes
configure:6039: checking whether the shell understands "+="
configure:6045: result: yes
configure:6080: checking for /usr/bin/ld option to reload object files
configure:6087: result: -r
configure:6156: checking for objdump
configure:6172: found /usr/bin/objdump
configure:6183: result: objdump
configure:6215: checking how to recognize dependent libraries
configure:6411: result: pass_all
configure:6471: checking for ar
configure:6487: found /usr/bin/ar
configure:6498: result: ar
configure:6576: checking for strip
configure:6592: found /usr/bin/strip
configure:6603: result: strip
configure:6675: checking for ranlib
configure:6691: found /usr/bin/ranlib
configure:6702: result: ranlib
configure:6792: checking command to parse /usr/bin/nm -B output from gcc object
configure:6910: g++ -c -g -O2  conftest.cpp >&5
configure:6913: $? = 0
configure:6917: /usr/bin/nm -B conftest.o \| sed -n -e 's/^.*[	 ]\([ABCDGIRSTW][ABCDGIRSTW]*\)[	 ][	 ]*\([_A-Za-z][_A-Za-z0-9]*\)$/\1 \2 \2/p' \> conftest.nm
configure:6920: $? = 0
configure:6974: g++ -o conftest -g -O2   conftest.cpp conftstm.o >&5
configure:6977: $? = 0
configure:7015: result: ok
configure:7824: checking how to run the C preprocessor
configure:7855: gcc -E  conftest.c
configure:7855: $? = 0
configure:7869: gcc -E  conftest.c
conftest.c:12:28: fatal error: ac_nonexistent.h: No such file or directory
compilation terminated.
configure:7869: $? = 1
configure: failed program was:
| /* confdefs.h */
| #define PACKAGE_NAME "netgen"
| #define PACKAGE_TARNAME "netgen"
| #define PACKAGE_VERSION "4.9.14-dev"
| #define PACKAGE_STRING "netgen 4.9.14-dev"
| #define PACKAGE_BUGREPORT ""
| #define PACKAGE_URL ""
| #define PACKAGE "netgen"
| #define VERSION "4.9.14-dev"
| #define BUILD_netgen /**/
| /* end confdefs.h.  */
| #include <ac_nonexistent.h>
configure:7894: result: gcc -E
configure:7914: gcc -E  conftest.c
configure:7914: $? = 0
configure:7928: gcc -E  conftest.c
conftest.c:12:28: fatal error: ac_nonexistent.h: No such file or directory
compilation terminated.
configure:7928: $? = 1
configure: failed program was:
| /* confdefs.h */
| #define PACKAGE_NAME "netgen"
| #define PACKAGE_TARNAME "netgen"
| #define PACKAGE_VERSION "4.9.14-dev"
| #define PACKAGE_STRING "netgen 4.9.14-dev"
| #define PACKAGE_BUGREPORT ""
| #define PACKAGE_URL ""
| #define PACKAGE "netgen"
| #define VERSION "4.9.14-dev"
| #define BUILD_netgen /**/
| /* end confdefs.h.  */
| #include <ac_nonexistent.h>
configure:7957: checking for ANSI C header files
configure:7977: gcc -c -g -O2  conftest.c >&5
configure:7977: $? = 0
configure:8050: gcc -o conftest -g -O2   conftest.c  >&5
configure:8050: $? = 0
configure:8050: ./conftest
configure:8050: $? = 0
configure:8061: result: yes
configure:8074: checking for sys/types.h
configure:8074: gcc -c -g -O2  conftest.c >&5
configure:8074: $? = 0
configure:8074: result: yes
configure:8074: checking for sys/stat.h
configure:8074: gcc -c -g -O2  conftest.c >&5
configure:8074: $? = 0
configure:8074: result: yes
configure:8074: checking for stdlib.h
configure:8074: gcc -c -g -O2  conftest.c >&5
configure:8074: $? = 0
configure:8074: result: yes
configure:8074: checking for string.h
configure:8074: gcc -c -g -O2  conftest.c >&5
configure:8074: $? = 0
configure:8074: result: yes
configure:8074: checking for memory.h
configure:8074: gcc -c -g -O2  conftest.c >&5
configure:8074: $? = 0
configure:8074: result: yes
configure:8074: checking for strings.h
configure:8074: gcc -c -g -O2  conftest.c >&5
configure:8074: $? = 0
configure:8074: result: yes
configure:8074: checking for inttypes.h
configure:8074: gcc -c -g -O2  conftest.c >&5
configure:8074: $? = 0
configure:8074: result: yes
configure:8074: checking for stdint.h
configure:8074: gcc -c -g -O2  conftest.c >&5
configure:8074: $? = 0
configure:8074: result: yes
configure:8074: checking for unistd.h
configure:8074: gcc -c -g -O2  conftest.c >&5
configure:8074: $? = 0
configure:8074: result: yes
configure:8088: checking for dlfcn.h
configure:8088: gcc -c -g -O2  conftest.c >&5
configure:8088: $? = 0
configure:8088: result: yes
configure:8213: checking for C++ compiler version
configure:8222: g++ --version >&5
g++ (Ubuntu/Linaro 4.5.2-8ubuntu4) 4.5.2
Copyright (C) 2010 Free Software Foundation, Inc.
This is free software; see the source for copying conditions.  There is NO
warranty; not even for MERCHANTABILITY or FITNESS FOR A PARTICULAR PURPOSE.

configure:8233: $? = 0
configure:8222: g++ -v >&5
Using built-in specs.
COLLECT_GCC=g++
COLLECT_LTO_WRAPPER=/usr/lib/i386-linux-gnu/gcc/i686-linux-gnu/4.5.2/lto-wrapper
Target: i686-linux-gnu
Configured with: ../src/configure -v --with-pkgversion='Ubuntu/Linaro 4.5.2-8ubuntu4' --with-bugurl=file:///usr/share/doc/gcc-4.5/README.Bugs --enable-languages=c,c++,fortran,objc,obj-c++ --prefix=/usr --program-suffix=-4.5 --enable-shared --enable-multiarch --with-multiarch-defaults=i386-linux-gnu --enable-linker-build-id --with-system-zlib --libexecdir=/usr/lib/i386-linux-gnu --without-included-gettext --enable-threads=posix --with-gxx-include-dir=/usr/include/c++/4.5 --libdir=/usr/lib/i386-linux-gnu --enable-nls --with-sysroot=/ --enable-clocale=gnu --enable-libstdcxx-debug --enable-libstdcxx-time=yes --enable-plugin --enable-gold --enable-ld=default --with-plugin-ld=ld.gold --enable-objc-gc --enable-targets=all --disable-werror --with-arch-32=i686 --with-tune=generic --enable-checking=release --build=i686-linux-gnu --host=i686-linux-gnu --target=i686-linux-gnu
Thread model: posix
gcc version 4.5.2 (Ubuntu/Linaro 4.5.2-8ubuntu4) 
configure:8233: $? = 0
configure:8222: g++ -V >&5
g++: '-V' option must have argument
configure:8233: $? = 1
configure:8222: g++ -qversion >&5
g++: unrecognized option '-qversion'
g++: no input files
configure:8233: $? = 1
configure:8237: checking whether we are using the GNU C++ compiler
configure:8265: result: yes
configure:8274: checking whether g++ accepts -g
configure:8335: result: yes
configure:8360: checking dependency style of g++
configure:8470: result: gcc3
configure:8493: checking how to run the C++ preprocessor
configure:8520: g++ -E  conftest.cpp
configure:8520: $? = 0
configure:8534: g++ -E  conftest.cpp
conftest.cpp:23:28: fatal error: ac_nonexistent.h: No such file or directory
compilation terminated.
configure:8534: $? = 1
configure: failed program was:
| /* confdefs.h */
| #define PACKAGE_NAME "netgen"
| #define PACKAGE_TARNAME "netgen"
| #define PACKAGE_VERSION "4.9.14-dev"
| #define PACKAGE_STRING "netgen 4.9.14-dev"
| #define PACKAGE_BUGREPORT ""
| #define PACKAGE_URL ""
| #define PACKAGE "netgen"
| #define VERSION "4.9.14-dev"
| #define BUILD_netgen /**/
| #define STDC_HEADERS 1
| #define HAVE_SYS_TYPES_H 1
| #define HAVE_SYS_STAT_H 1
| #define HAVE_STDLIB_H 1
| #define HAVE_STRING_H 1
| #define HAVE_MEMORY_H 1
| #define HAVE_STRINGS_H 1
| #define HAVE_INTTYPES_H 1
| #define HAVE_STDINT_H 1
| #define HAVE_UNISTD_H 1
| #define HAVE_DLFCN_H 1
| /* end confdefs.h.  */
| #include <ac_nonexistent.h>
configure:8559: result: g++ -E
configure:8579: g++ -E  conftest.cpp
configure:8579: $? = 0
configure:8593: g++ -E  conftest.cpp
conftest.cpp:23:28: fatal error: ac_nonexistent.h: No such file or directory
compilation terminated.
configure:8593: $? = 1
configure: failed program was:
| /* confdefs.h */
| #define PACKAGE_NAME "netgen"
| #define PACKAGE_TARNAME "netgen"
| #define PACKAGE_VERSION "4.9.14-dev"
| #define PACKAGE_STRING "netgen 4.9.14-dev"
| #define PACKAGE_BUGREPORT ""
| #define PACKAGE_URL ""
| #define PACKAGE "netgen"
| #define VERSION "4.9.14-dev"
| #define BUILD_netgen /**/
| #define STDC_HEADERS 1
| #define HAVE_SYS_TYPES_H 1
| #define HAVE_SYS_STAT_H 1
| #define HAVE_STDLIB_H 1
| #define HAVE_STRING_H 1
| #define HAVE_MEMORY_H 1
| #define HAVE_STRINGS_H 1
| #define HAVE_INTTYPES_H 1
| #define HAVE_STDINT_H 1
| #define HAVE_UNISTD_H 1
| #define HAVE_DLFCN_H 1
| /* end confdefs.h.  */
| #include <ac_nonexistent.h>
configure:8769: checking for objdir
configure:8784: result: .libs
configure:9080: checking if gcc supports -fno-rtti -fno-exceptions
configure:9098: gcc -c -g -O2  -fno-rtti -fno-exceptions conftest.c >&5
cc1: warning: command line option "-fno-rtti" is valid for C++/ObjC++ but not for C
configure:9102: $? = 0
configure:9115: result: no
configure:9135: checking for gcc option to produce PIC
configure:9407: result: -fPIC -DPIC
configure:9419: checking if gcc PIC flag -fPIC -DPIC works
configure:9437: gcc -c -g -O2  -fPIC -DPIC -DPIC conftest.c >&5
configure:9441: $? = 0
configure:9454: result: yes
configure:9478: checking if gcc static flag -static works
configure:9506: result: yes
configure:9521: checking if gcc supports -c -o file.o
configure:9542: gcc -c -g -O2  -o out/conftest2.o conftest.c >&5
configure:9546: $? = 0
configure:9568: result: yes
configure:9576: checking if gcc supports -c -o file.o
configure:9623: result: yes
configure:9656: checking whether the gcc linker (/usr/bin/ld) supports shared libraries
configure:10642: result: yes
configure:10679: checking whether -lc should be explicitly linked in
configure:10684: gcc -c -g -O2  conftest.c >&5
configure:10687: $? = 0
configure:10702: gcc -shared conftest.o  -v -Wl,-soname -Wl,conftest -o conftest 2\>\&1 \| /bin/grep  -lc  \>/dev/null 2\>\&1
configure:10705: $? = 0
configure:10717: result: no
configure:10881: checking dynamic linker characteristics
configure:11314: gcc -o conftest -g -O2   -Wl,-rpath -Wl,/foo conftest.c  >&5
configure:11314: $? = 0
configure:11532: result: GNU/Linux ld.so
configure:11634: checking how to hardcode library paths into programs
configure:11659: result: immediate
configure:12179: checking whether stripping libraries is possible
configure:12184: result: yes
configure:12219: checking if libtool supports shared libraries
configure:12221: result: yes
configure:12224: checking whether to build shared libraries
configure:12245: result: yes
configure:12248: checking whether to build static libraries
configure:12252: result: no
configure:12402: checking for ld used by g++
configure:12469: result: /usr/bin/ld
configure:12476: checking if the linker (/usr/bin/ld) is GNU ld
configure:12491: result: yes
configure:12546: checking whether the g++ linker (/usr/bin/ld) supports shared libraries
configure:13459: result: yes
configure:13487: g++ -c -g -O2  conftest.cpp >&5
configure:13490: $? = 0
configure:13672: checking for g++ option to produce PIC
configure:13989: result: -fPIC -DPIC
configure:13998: checking if g++ PIC flag -fPIC -DPIC works
configure:14016: g++ -c -g -O2  -fPIC -DPIC -DPIC conftest.cpp >&5
configure:14020: $? = 0
configure:14033: result: yes
configure:14054: checking if g++ static flag -static works
configure:14082: result: yes
configure:14094: checking if g++ supports -c -o file.o
configure:14115: g++ -c -g -O2  -o out/conftest2.o conftest.cpp >&5
configure:14119: $? = 0
configure:14141: result: yes
configure:14146: checking if g++ supports -c -o file.o
configure:14193: result: yes
configure:14223: checking whether the g++ linker (/usr/bin/ld) supports shared libraries
configure:14249: result: yes
configure:14386: checking dynamic linker characteristics
configure:14767: g++ -o conftest -g -O2   -Wl,-rpath -Wl,/foo conftest.cpp  >&5
configure:14767: $? = 0
configure:14985: result: GNU/Linux ld.so
configure:15036: checking how to hardcode library paths into programs
configure:15061: result: immediate
configure:15158: checking iostream usability
configure:15158: g++ -c -g -O2  conftest.cpp >&5
configure:15158: $? = 0
configure:15158: result: yes
configure:15158: checking iostream presence
configure:15158: g++ -E  conftest.cpp
configure:15158: $? = 0
configure:15158: result: yes
configure:15158: checking for iostream
configure:15158: result: yes
configure:15164: checking iostream.h usability
configure:15164: g++ -c -g -O2  conftest.cpp >&5
conftest.cpp:57:22: fatal error: iostream.h: No such file or directory
compilation terminated.
configure:15164: $? = 1
configure: failed program was:
| /* confdefs.h */
| #define PACKAGE_NAME "netgen"
| #define PACKAGE_TARNAME "netgen"
| #define PACKAGE_VERSION "4.9.14-dev"
| #define PACKAGE_STRING "netgen 4.9.14-dev"
| #define PACKAGE_BUGREPORT ""
| #define PACKAGE_URL ""
| #define PACKAGE "netgen"
| #define VERSION "4.9.14-dev"
| #define BUILD_netgen /**/
| #define STDC_HEADERS 1
| #define HAVE_SYS_TYPES_H 1
| #define HAVE_SYS_STAT_H 1
| #define HAVE_STDLIB_H 1
| #define HAVE_STRING_H 1
| #define HAVE_MEMORY_H 1
| #define HAVE_STRINGS_H 1
| #define HAVE_INTTYPES_H 1
| #define HAVE_STDINT_H 1
| #define HAVE_UNISTD_H 1
| #define HAVE_DLFCN_H 1
| #define LT_OBJDIR ".libs/"
| /* end confdefs.h.  */
| #include <stdio.h>
| #ifdef HAVE_SYS_TYPES_H
| # include <sys/types.h>
| #endif
| #ifdef HAVE_SYS_STAT_H
| # include <sys/stat.h>
| #endif
| #ifdef STDC_HEADERS
| # include <stdlib.h>
| # include <stddef.h>
| #else
| # ifdef HAVE_STDLIB_H
| #  include <stdlib.h>
| # endif
| #endif
| #ifdef HAVE_STRING_H
| # if !defined STDC_HEADERS && defined HAVE_MEMORY_H
| #  include <memory.h>
| # endif
| # include <string.h>
| #endif
| #ifdef HAVE_STRINGS_H
| # include <strings.h>
| #endif
| #ifdef HAVE_INTTYPES_H
| # include <inttypes.h>
| #endif
| #ifdef HAVE_STDINT_H
| # include <stdint.h>
| #endif
| #ifdef HAVE_UNISTD_H
| # include <unistd.h>
| #endif
| #include <iostream.h>
configure:15164: result: no
configure:15164: checking iostream.h presence
configure:15164: g++ -E  conftest.cpp
conftest.cpp:24:22: fatal error: iostream.h: No such file or directory
compilation terminated.
configure:15164: $? = 1
configure: failed program was:
| /* confdefs.h */
| #define PACKAGE_NAME "netgen"
| #define PACKAGE_TARNAME "netgen"
| #define PACKAGE_VERSION "4.9.14-dev"
| #define PACKAGE_STRING "netgen 4.9.14-dev"
| #define PACKAGE_BUGREPORT ""
| #define PACKAGE_URL ""
| #define PACKAGE "netgen"
| #define VERSION "4.9.14-dev"
| #define BUILD_netgen /**/
| #define STDC_HEADERS 1
| #define HAVE_SYS_TYPES_H 1
| #define HAVE_SYS_STAT_H 1
| #define HAVE_STDLIB_H 1
| #define HAVE_STRING_H 1
| #define HAVE_MEMORY_H 1
| #define HAVE_STRINGS_H 1
| #define HAVE_INTTYPES_H 1
| #define HAVE_STDINT_H 1
| #define HAVE_UNISTD_H 1
| #define HAVE_DLFCN_H 1
| #define LT_OBJDIR ".libs/"
| /* end confdefs.h.  */
| #include <iostream.h>
configure:15164: result: no
configure:15164: checking for iostream.h
configure:15164: result: no
configure:15170: checking limits usability
configure:15170: g++ -c -g -O2  conftest.cpp >&5
configure:15170: $? = 0
configure:15170: result: yes
configure:15170: checking limits presence
configure:15170: g++ -E  conftest.cpp
configure:15170: $? = 0
configure:15170: result: yes
configure:15170: checking for limits
configure:15170: result: yes
configure:15176: checking limits.h usability
configure:15176: g++ -c -g -O2  conftest.cpp >&5
configure:15176: $? = 0
configure:15176: result: yes
configure:15176: checking limits.h presence
configure:15176: g++ -E  conftest.cpp
configure:15176: $? = 0
configure:15176: result: yes
configure:15176: checking for limits.h
configure:15176: result: yes
configure:15182: checking iomanip usability
configure:15182: g++ -c -g -O2  conftest.cpp >&5
configure:15182: $? = 0
configure:15182: result: yes
configure:15182: checking iomanip presence
configure:15182: g++ -E  conftest.cpp
configure:15182: $? = 0
configure:15182: result: yes
configure:15182: checking for iomanip
configure:15182: result: yes
configure:15188: checking iomanip.h usability
configure:15188: g++ -c -g -O2  conftest.cpp >&5
conftest.cpp:57:21: fatal error: iomanip.h: No such file or directory
compilation terminated.
configure:15188: $? = 1
configure: failed program was:
| /* confdefs.h */
| #define PACKAGE_NAME "netgen"
| #define PACKAGE_TARNAME "netgen"
| #define PACKAGE_VERSION "4.9.14-dev"
| #define PACKAGE_STRING "netgen 4.9.14-dev"
| #define PACKAGE_BUGREPORT ""
| #define PACKAGE_URL ""
| #define PACKAGE "netgen"
| #define VERSION "4.9.14-dev"
| #define BUILD_netgen /**/
| #define STDC_HEADERS 1
| #define HAVE_SYS_TYPES_H 1
| #define HAVE_SYS_STAT_H 1
| #define HAVE_STDLIB_H 1
| #define HAVE_STRING_H 1
| #define HAVE_MEMORY_H 1
| #define HAVE_STRINGS_H 1
| #define HAVE_INTTYPES_H 1
| #define HAVE_STDINT_H 1
| #define HAVE_UNISTD_H 1
| #define HAVE_DLFCN_H 1
| #define LT_OBJDIR ".libs/"
| /* end confdefs.h.  */
| #include <stdio.h>
| #ifdef HAVE_SYS_TYPES_H
| # include <sys/types.h>
| #endif
| #ifdef HAVE_SYS_STAT_H
| # include <sys/stat.h>
| #endif
| #ifdef STDC_HEADERS
| # include <stdlib.h>
| # include <stddef.h>
| #else
| # ifdef HAVE_STDLIB_H
| #  include <stdlib.h>
| # endif
| #endif
| #ifdef HAVE_STRING_H
| # if !defined STDC_HEADERS && defined HAVE_MEMORY_H
| #  include <memory.h>
| # endif
| # include <string.h>
| #endif
| #ifdef HAVE_STRINGS_H
| # include <strings.h>
| #endif
| #ifdef HAVE_INTTYPES_H
| # include <inttypes.h>
| #endif
| #ifdef HAVE_STDINT_H
| # include <stdint.h>
| #endif
| #ifdef HAVE_UNISTD_H
| # include <unistd.h>
| #endif
| #include <iomanip.h>
configure:15188: result: no
configure:15188: checking iomanip.h presence
configure:15188: g++ -E  conftest.cpp
conftest.cpp:24:21: fatal error: iomanip.h: No such file or directory
compilation terminated.
configure:15188: $? = 1
configure: failed program was:
| /* confdefs.h */
| #define PACKAGE_NAME "netgen"
| #define PACKAGE_TARNAME "netgen"
| #define PACKAGE_VERSION "4.9.14-dev"
| #define PACKAGE_STRING "netgen 4.9.14-dev"
| #define PACKAGE_BUGREPORT ""
| #define PACKAGE_URL ""
| #define PACKAGE "netgen"
| #define VERSION "4.9.14-dev"
| #define BUILD_netgen /**/
| #define STDC_HEADERS 1
| #define HAVE_SYS_TYPES_H 1
| #define HAVE_SYS_STAT_H 1
| #define HAVE_STDLIB_H 1
| #define HAVE_STRING_H 1
| #define HAVE_MEMORY_H 1
| #define HAVE_STRINGS_H 1
| #define HAVE_INTTYPES_H 1
| #define HAVE_STDINT_H 1
| #define HAVE_UNISTD_H 1
| #define HAVE_DLFCN_H 1
| #define LT_OBJDIR ".libs/"
| /* end confdefs.h.  */
| #include <iomanip.h>
configure:15188: result: no
configure:15188: checking for iomanip.h
configure:15188: result: no
configure:15332: checking pthread.h usability
configure:15332: g++ -c -g -O2  conftest.cpp >&5
configure:15332: $? = 0
configure:15332: result: yes
configure:15332: checking pthread.h presence
configure:15332: g++ -E  conftest.cpp
configure:15332: $? = 0
configure:15332: result: yes
configure:15332: checking for pthread.h
configure:15332: result: yes
configure:15338: checking togl.h usability
configure:15338: g++ -c -g -O2  conftest.cpp >&5
conftest.cpp:57:18: fatal error: togl.h: No such file or directory
compilation terminated.
configure:15338: $? = 1
configure: failed program was:
| /* confdefs.h */
| #define PACKAGE_NAME "netgen"
| #define PACKAGE_TARNAME "netgen"
| #define PACKAGE_VERSION "4.9.14-dev"
| #define PACKAGE_STRING "netgen 4.9.14-dev"
| #define PACKAGE_BUGREPORT ""
| #define PACKAGE_URL ""
| #define PACKAGE "netgen"
| #define VERSION "4.9.14-dev"
| #define BUILD_netgen /**/
| #define STDC_HEADERS 1
| #define HAVE_SYS_TYPES_H 1
| #define HAVE_SYS_STAT_H 1
| #define HAVE_STDLIB_H 1
| #define HAVE_STRING_H 1
| #define HAVE_MEMORY_H 1
| #define HAVE_STRINGS_H 1
| #define HAVE_INTTYPES_H 1
| #define HAVE_STDINT_H 1
| #define HAVE_UNISTD_H 1
| #define HAVE_DLFCN_H 1
| #define LT_OBJDIR ".libs/"
| /* end confdefs.h.  */
| #include <stdio.h>
| #ifdef HAVE_SYS_TYPES_H
| # include <sys/types.h>
| #endif
| #ifdef HAVE_SYS_STAT_H
| # include <sys/stat.h>
| #endif
| #ifdef STDC_HEADERS
| # include <stdlib.h>
| # include <stddef.h>
| #else
| # ifdef HAVE_STDLIB_H
| #  include <stdlib.h>
| # endif
| #endif
| #ifdef HAVE_STRING_H
| # if !defined STDC_HEADERS && defined HAVE_MEMORY_H
| #  include <memory.h>
| # endif
| # include <string.h>
| #endif
| #ifdef HAVE_STRINGS_H
| # include <strings.h>
| #endif
| #ifdef HAVE_INTTYPES_H
| # include <inttypes.h>
| #endif
| #ifdef HAVE_STDINT_H
| # include <stdint.h>
| #endif
| #ifdef HAVE_UNISTD_H
| # include <unistd.h>
| #endif
| #include <togl.h>
configure:15338: result: no
configure:15338: checking togl.h presence
configure:15338: g++ -E  conftest.cpp
conftest.cpp:24:18: fatal error: togl.h: No such file or directory
compilation terminated.
configure:15338: $? = 1
configure: failed program was:
| /* confdefs.h */
| #define PACKAGE_NAME "netgen"
| #define PACKAGE_TARNAME "netgen"
| #define PACKAGE_VERSION "4.9.14-dev"
| #define PACKAGE_STRING "netgen 4.9.14-dev"
| #define PACKAGE_BUGREPORT ""
| #define PACKAGE_URL ""
| #define PACKAGE "netgen"
| #define VERSION "4.9.14-dev"
| #define BUILD_netgen /**/
| #define STDC_HEADERS 1
| #define HAVE_SYS_TYPES_H 1
| #define HAVE_SYS_STAT_H 1
| #define HAVE_STDLIB_H 1
| #define HAVE_STRING_H 1
| #define HAVE_MEMORY_H 1
| #define HAVE_STRINGS_H 1
| #define HAVE_INTTYPES_H 1
| #define HAVE_STDINT_H 1
| #define HAVE_UNISTD_H 1
| #define HAVE_DLFCN_H 1
| #define LT_OBJDIR ".libs/"
| /* end confdefs.h.  */
| #include <togl.h>
configure:15338: result: no
configure:15338: checking for togl.h
configure:15338: result: no
configure:15344: checking GL/gl.h usability
configure:15344: g++ -c -g -O2  conftest.cpp >&5
conftest.cpp:57:19: fatal error: GL/gl.h: No such file or directory
compilation terminated.
configure:15344: $? = 1
configure: failed program was:
| /* confdefs.h */
| #define PACKAGE_NAME "netgen"
| #define PACKAGE_TARNAME "netgen"
| #define PACKAGE_VERSION "4.9.14-dev"
| #define PACKAGE_STRING "netgen 4.9.14-dev"
| #define PACKAGE_BUGREPORT ""
| #define PACKAGE_URL ""
| #define PACKAGE "netgen"
| #define VERSION "4.9.14-dev"
| #define BUILD_netgen /**/
| #define STDC_HEADERS 1
| #define HAVE_SYS_TYPES_H 1
| #define HAVE_SYS_STAT_H 1
| #define HAVE_STDLIB_H 1
| #define HAVE_STRING_H 1
| #define HAVE_MEMORY_H 1
| #define HAVE_STRINGS_H 1
| #define HAVE_INTTYPES_H 1
| #define HAVE_STDINT_H 1
| #define HAVE_UNISTD_H 1
| #define HAVE_DLFCN_H 1
| #define LT_OBJDIR ".libs/"
| /* end confdefs.h.  */
| #include <stdio.h>
| #ifdef HAVE_SYS_TYPES_H
| # include <sys/types.h>
| #endif
| #ifdef HAVE_SYS_STAT_H
| # include <sys/stat.h>
| #endif
| #ifdef STDC_HEADERS
| # include <stdlib.h>
| # include <stddef.h>
| #else
| # ifdef HAVE_STDLIB_H
| #  include <stdlib.h>
| # endif
| #endif
| #ifdef HAVE_STRING_H
| # if !defined STDC_HEADERS && defined HAVE_MEMORY_H
| #  include <memory.h>
| # endif
| # include <string.h>
| #endif
| #ifdef HAVE_STRINGS_H
| # include <strings.h>
| #endif
| #ifdef HAVE_INTTYPES_H
| # include <inttypes.h>
| #endif
| #ifdef HAVE_STDINT_H
| # include <stdint.h>
| #endif
| #ifdef HAVE_UNISTD_H
| # include <unistd.h>
| #endif
| #include <GL/gl.h>
configure:15344: result: no
configure:15344: checking GL/gl.h presence
configure:15344: g++ -E  conftest.cpp
conftest.cpp:24:19: fatal error: GL/gl.h: No such file or directory
compilation terminated.
configure:15344: $? = 1
configure: failed program was:
| /* confdefs.h */
| #define PACKAGE_NAME "netgen"
| #define PACKAGE_TARNAME "netgen"
| #define PACKAGE_VERSION "4.9.14-dev"
| #define PACKAGE_STRING "netgen 4.9.14-dev"
| #define PACKAGE_BUGREPORT ""
| #define PACKAGE_URL ""
| #define PACKAGE "netgen"
| #define VERSION "4.9.14-dev"
| #define BUILD_netgen /**/
| #define STDC_HEADERS 1
| #define HAVE_SYS_TYPES_H 1
| #define HAVE_SYS_STAT_H 1
| #define HAVE_STDLIB_H 1
| #define HAVE_STRING_H 1
| #define HAVE_MEMORY_H 1
| #define HAVE_STRINGS_H 1
| #define HAVE_INTTYPES_H 1
| #define HAVE_STDINT_H 1
| #define HAVE_UNISTD_H 1
| #define HAVE_DLFCN_H 1
| #define LT_OBJDIR ".libs/"
| /* end confdefs.h.  */
| #include <GL/gl.h>
configure:15344: result: no
configure:15344: checking for GL/gl.h
configure:15344: result: no
configure:15353: checking for pow
configure:15353: g++ -o conftest -g -O2   conftest.cpp  >&5
configure:15353: $? = 0
configure:15353: result: yes
configure:15364: checking for floor
configure:15364: g++ -o conftest -g -O2   conftest.cpp  >&5
configure:15364: $? = 0
configure:15364: result: yes
configure:15375: checking for matherr
configure:15375: g++ -o conftest -g -O2   conftest.cpp  >&5
configure:15375: $? = 0
configure:15375: result: yes
configure:15386: checking for limits.h
configure:15386: result: yes
configure:15603: creating ./config.status

## ---------------------- ##
## Running config.status. ##
## ---------------------- ##

This file was extended by netgen config.status 4.9.14-dev, which was
generated by GNU Autoconf 2.67.  Invocation command line was

  CONFIG_FILES    = 
  CONFIG_HEADERS  = 
  CONFIG_LINKS    = 
  CONFIG_COMMANDS = 
  $ ./config.status 

on cristina-Latitude-D620

config.status:1211: creating Makefile
config.status:1211: creating libsrc/Makefile
config.status:1211: creating libsrc/csg/Makefile
config.status:1211: creating libsrc/general/Makefile
config.status:1211: creating libsrc/geom2d/Makefile
config.status:1211: creating libsrc/gprim/Makefile
config.status:1211: creating libsrc/include/Makefile
config.status:1211: creating libsrc/interface/Makefile
config.status:1211: creating libsrc/linalg/Makefile
config.status:1211: creating libsrc/meshing/Makefile
config.status:1211: creating libsrc/occ/Makefile
config.status:1211: creating libsrc/stlgeom/Makefile
config.status:1211: creating libsrc/visualization/Makefile
config.status:1211: creating ng/Makefile
config.status:1211: creating nglib/Makefile
config.status:1211: creating tutorials/Makefile
config.status:1211: creating doc/Makefile
config.status:1211: creating windows/Makefile
config.status:1211: creating config.h
config.status:1439: executing depfiles commands
config.status:1439: executing libtool commands
configure:18128: result:
------------------------------------------------------------------------
  netgen 4.9.14-dev:  Automatic configuration OK.

  Enabled functionality:

    OCC: ............... true
    JPEGlib: ........... false
    FFMPEG: ............ false
    NGLIB: ............. true


  Building:

    Type 'make' to compile netgen.

    Type 'make install' to install netgen.

  Example programs will be built but not installed.
------------------------------------------------------------------------


## ---------------- ##
## Cache variables. ##
## ---------------- ##

ac_cv_build=i686-pc-linux-gnu
ac_cv_c_compiler_gnu=yes
ac_cv_c_tclconfig=/usr/lib
ac_cv_c_tclh=/usr/include/tcl8.4
ac_cv_c_tkconfig=/usr/lib
ac_cv_cxx_compiler_gnu=yes
ac_cv_env_CCC_set=
ac_cv_env_CCC_value=
ac_cv_env_CC_set=
ac_cv_env_CC_value=
ac_cv_env_CFLAGS_set=
ac_cv_env_CFLAGS_value=
ac_cv_env_CPPFLAGS_set=
ac_cv_env_CPPFLAGS_value=
ac_cv_env_CPP_set=
ac_cv_env_CPP_value=
ac_cv_env_CXXCPP_set=
ac_cv_env_CXXCPP_value=
ac_cv_env_CXXFLAGS_set=
ac_cv_env_CXXFLAGS_value=
ac_cv_env_CXX_set=
ac_cv_env_CXX_value=
ac_cv_env_LDFLAGS_set=
ac_cv_env_LDFLAGS_value=
ac_cv_env_LIBS_set=
ac_cv_env_LIBS_value=
ac_cv_env_build_alias_set=
ac_cv_env_build_alias_value=
ac_cv_env_host_alias_set=
ac_cv_env_host_alias_value=
ac_cv_env_target_alias_set=
ac_cv_env_target_alias_value=
ac_cv_func_floor=yes
ac_cv_func_matherr=yes
ac_cv_func_pow=yes
ac_cv_header_GL_gl_h=no
ac_cv_header_dlfcn_h=yes
ac_cv_header_inttypes_h=yes
ac_cv_header_iomanip=yes
ac_cv_header_iomanip_h=no
ac_cv_header_iostream=yes
ac_cv_header_iostream_h=no
ac_cv_header_limits=yes
ac_cv_header_limits_h=yes
ac_cv_header_memory_h=yes
ac_cv_header_pthread_h=yes
ac_cv_header_stdc=yes
ac_cv_header_stdint_h=yes
ac_cv_header_stdlib_h=yes
ac_cv_header_string_h=yes
ac_cv_header_strings_h=yes
ac_cv_header_sys_stat_h=yes
ac_cv_header_sys_types_h=yes
ac_cv_header_togl_h=no
ac_cv_header_unistd_h=yes
ac_cv_host=i686-pc-linux-gnu
ac_cv_objext=o
ac_cv_path_EGREP='/bin/grep -E'
ac_cv_path_FGREP='/bin/grep -F'
ac_cv_path_GREP=/bin/grep
ac_cv_path_SED=/bin/sed
ac_cv_path_install='/usr/bin/install -c'
ac_cv_path_mkdir=/bin/mkdir
ac_cv_prog_AWK=mawk
ac_cv_prog_CPP='gcc -E'
ac_cv_prog_CXXCPP='g++ -E'
ac_cv_prog_ac_ct_AR=ar
ac_cv_prog_ac_ct_CC=gcc
ac_cv_prog_ac_ct_CXX=g++
ac_cv_prog_ac_ct_OBJDUMP=objdump
ac_cv_prog_ac_ct_RANLIB=ranlib
ac_cv_prog_ac_ct_STRIP=strip
ac_cv_prog_cc_c89=
ac_cv_prog_cc_g=yes
ac_cv_prog_cxx_g=yes
ac_cv_prog_make_make_set=yes
am_cv_CC_dependencies_compiler_type=gcc3
am_cv_CXX_dependencies_compiler_type=gcc3
lt_cv_deplibs_check_method=pass_all
lt_cv_file_magic_cmd='$MAGIC_CMD'
lt_cv_file_magic_test_file=
lt_cv_ld_reload_flag=-r
lt_cv_nm_interface='BSD nm'
lt_cv_objdir=.libs
lt_cv_path_LD=/usr/bin/ld
lt_cv_path_LDCXX=/usr/bin/ld
lt_cv_path_NM='/usr/bin/nm -B'
lt_cv_prog_compiler_c_o=yes
lt_cv_prog_compiler_c_o_CXX=yes
lt_cv_prog_compiler_pic_works=yes
lt_cv_prog_compiler_pic_works_CXX=yes
lt_cv_prog_compiler_rtti_exceptions=no
lt_cv_prog_compiler_static_works=yes
lt_cv_prog_compiler_static_works_CXX=yes
lt_cv_prog_gnu_ld=yes
lt_cv_prog_gnu_ldcxx=yes
lt_cv_sys_global_symbol_pipe='sed -n -e '\''s/^.*[	 ]\([ABCDGIRSTW][ABCDGIRSTW]*\)[	 ][	 ]*\([_A-Za-z][_A-Za-z0-9]*\)$/\1 \2 \2/p'\'''
lt_cv_sys_global_symbol_to_c_name_address='sed -n -e '\''s/^: \([^ ]*\) $/  {\"\1\", (void *) 0},/p'\'' -e '\''s/^[ABCDGIRSTW]* \([^ ]*\) \([^ ]*\)$/  {"\2", (void *) \&\2},/p'\'''
lt_cv_sys_global_symbol_to_c_name_address_lib_prefix='sed -n -e '\''s/^: \([^ ]*\) $/  {\"\1\", (void *) 0},/p'\'' -e '\''s/^[ABCDGIRSTW]* \([^ ]*\) \(lib[^ ]*\)$/  {"\2", (void *) \&\2},/p'\'' -e '\''s/^[ABCDGIRSTW]* \([^ ]*\) \([^ ]*\)$/  {"lib\2", (void *) \&\2},/p'\'''
lt_cv_sys_global_symbol_to_cdecl='sed -n -e '\''s/^T .* \(.*\)$/extern int \1();/p'\'' -e '\''s/^[ABCDGIRSTW]* .* \(.*\)$/extern char \1;/p'\'''
lt_cv_sys_max_cmd_len=1572864

## ----------------- ##
## Output variables. ##
## ----------------- ##

ACLOCAL='${SHELL} /home/cristina/work/netgen-mesher/netgen/missing --run aclocal-1.11'
AMDEPBACKSLASH='\'
AMDEP_FALSE='#'
AMDEP_TRUE=''
AMTAR='${SHELL} /home/cristina/work/netgen-mesher/netgen/missing --run tar'
AR='ar'
AUTOCONF='${SHELL} /home/cristina/work/netgen-mesher/netgen/missing --run autoconf'
AUTOHEADER='${SHELL} /home/cristina/work/netgen-mesher/netgen/missing --run autoheader'
AUTOMAKE='${SHELL} /home/cristina/work/netgen-mesher/netgen/missing --run automake-1.11'
AWK='mawk'
CC='gcc'
CCDEPMODE='depmode=gcc3'
CFLAGS='-g -O2'
CLEANFILES=''
CPP='gcc -E'
CPPFLAGS=''
CXX='g++'
CXXCPP='g++ -E'
CXXDEPMODE='depmode=gcc3'
CXXFLAGS='-g -O2'
CYGPATH='echo'
CYGPATH_W='echo'
DEFS='-DHAVE_CONFIG_H'
DEPDIR='.deps'
DSYMUTIL=''
DUMPBIN=''
ECHO_C=''
ECHO_N='-n'
ECHO_T=''
EGREP='/bin/grep -E'
EXEEXT=''
FFMPEG_INCLUDES=''
FFMPEG_LIBS=''
FGREP='/bin/grep -F'
GREP='/bin/grep'
INSTALL_DATA='${INSTALL} -m 644'
INSTALL_PROGRAM='${INSTALL}'
INSTALL_SCRIPT='${INSTALL}'
INSTALL_STRIP_PROGRAM='$(install_sh) -c -s'
JPEGLIB_INCLUDES=''
JPEGLIB_LIBS=''
LD='/usr/bin/ld'
LDFLAGS=''
LIBGLU='-lGLU'
LIBOBJS=''
LIBS=''
LIBTOOL='$(SHELL) $(top_builddir)/libtool'
LIPO=''
LN_S='ln -s'
LTLIBOBJS=''
MAKEINFO='${SHELL} /home/cristina/work/netgen-mesher/netgen/missing --run makeinfo'
MKDIR_P='/bin/mkdir -p'
MPI_INCLUDES=''
MPI_LIBS=''
NGLIB_FALSE='#'
NGLIB_TRUE=''
NM='/usr/bin/nm -B'
NMEDIT=''
OBJDUMP='objdump'
OBJEXT='o'
OCCFLAGS='-DOCCGEOMETRY -I/usr/include/opencascade/inc -I/usr/include/opencascade -DHAVE_IOSTREAM -DHAVE_LIMITS -DHAVE_LIMITS_H -DHAVE_IOMANIP'
OCCLIBS='-L/usr/include/opencascade/lib -lTKernel -lTKGeomBase -lTKMath -lTKG2d -lTKG3d -lTKXSBase -lTKOffset -lTKFillet -lTKShHealing -lTKMesh -lTKMeshVS -lTKTopAlgo -lTKGeomAlgo -lTKBool -lTKPrim -lTKBO -lTKIGES -lTKBRep -lTKSTEPBase -lTKSTEP -lTKSTL -lTKSTEPAttr -lTKSTEP209 -lTKXDESTEP -lTKXDEIGES -lTKXCAF -lTKLCAF -lFWOSPlugin'
OTOOL64=''
OTOOL=''
PACKAGE='netgen'
PACKAGE_BUGREPORT=''
PACKAGE_NAME='netgen'
PACKAGE_STRING='netgen 4.9.14-dev'
PACKAGE_TARNAME='netgen'
PACKAGE_URL=''
PACKAGE_VERSION='4.9.14-dev'
PATH_SEPARATOR=':'
PKG_CFLAGS=''
PKG_HEADERS=''
PKG_INCLUDES=''
PKG_LIBS=' -lGL -lXmu'
PKG_LIB_FILE=''
PKG_STUB_LIB_FILE=''
PKG_STUB_OBJECTS=''
PKG_STUB_SOURCES=''
PKG_TCL_SOURCES=''
RANLIB='ranlib'
SED='/bin/sed'
SET_MAKE=''
SHELL='/bin/bash'
STRIP='strip'
TCL_BIN_DIR='/usr/lib'
TCL_DEFS='-DHAVE_LIMITS_H=1 -DHAVE_UNISTD_H=1 -DHAVE_SYS_PARAM_H=1 -DUSE_THREAD_ALLOC=1 -D_REENTRANT=1 -D_THREAD_SAFE=1 -DHAVE_PTHREAD_ATTR_SETSTACKSIZE=1 -DHAVE_PTHREAD_ATFORK=1 -DTCL_THREADS=1 -DPEEK_XCLOSEIM=1 -D_LARGEFILE64_SOURCE=1 -DTCL_WIDE_INT_TYPE=long\ long -DHAVE_STRUCT_STAT64=1 -DHAVE_OPEN64=1 -DHAVE_LSEEK64=1 -DHAVE_TYPE_OFF64_T=1 -DHAVE_GETCWD=1 -DHAVE_OPENDIR=1 -DHAVE_STRSTR=1 -DHAVE_STRTOL=1 -DHAVE_STRTOLL=1 -DHAVE_STRTOULL=1 -DHAVE_TMPNAM=1 -DHAVE_WAITPID=1 -DHAVE_GETPWUID_R_5=1 -DHAVE_GETPWUID_R=1 -DHAVE_GETPWNAM_R_5=1 -DHAVE_GETPWNAM_R=1 -DHAVE_GETGRGID_R_5=1 -DHAVE_GETGRGID_R=1 -DHAVE_GETGRNAM_R_5=1 -DHAVE_GETGRNAM_R=1 -DHAVE_GETHOSTBYNAME_R_6=1 -DHAVE_GETHOSTBYNAME_R=1 -DHAVE_GETHOSTBYADDR_R_8=1 -DHAVE_GETHOSTBYADDR_R=1 -DUSE_TERMIOS=1 -DHAVE_SYS_TIME_H=1 -DTIME_WITH_SYS_TIME=1 -DHAVE_TM_ZONE=1 -DHAVE_GMTIME_R=1 -DHAVE_LOCALTIME_R=1 -DHAVE_TM_GMTOFF=1 -DHAVE_TIMEZONE_VAR=1 -DHAVE_ST_BLKSIZE=1 -DSTDC_HEADERS=1 -DHAVE_SIGNED_CHAR=1 -DHAVE_LANGINFO=1 -DHAVE_SYS_IOCTL_H=1 '
TCL_EXTRA_CFLAGS='-g -O2 -fno-unit-at-a-time -pipe '
TCL_INCLUDES='-I"/usr/include/tcl8.4"'
TCL_LD_FLAGS='-Wl,-Bsymbolic-functions -Wl,--export-dynamic'
TCL_LIBS='-ldl  -lpthread -lieee -lm'
TCL_LIB_FILE='libtcl8.4.so'
TCL_LIB_FLAG='-ltcl8.4'
TCL_LIB_SPEC='-L/usr/lib -ltcl8.4'
TCL_PATCH_LEVEL='.19'
TCL_SHLIB_LD_LIBS='${LIBS}'
TCL_SRC_DIR='/usr/include/tcl8.4/tcl-private'
TCL_STUB_LIB_FILE='libtclstub8.4.a'
TCL_STUB_LIB_FLAG='-ltclstub8.4'
TCL_STUB_LIB_SPEC='-L/usr/lib -ltclstub8.4'
TCL_VERSION='8.4'
TK_BIN_DIR='/usr/lib'
TK_LIBS='-lX11 -ldl  -lpthread -lieee -lm'
TK_LIB_FILE='libtk8.4.so'
TK_LIB_FLAG='-ltk8.4'
TK_LIB_SPEC='-L/usr/lib -ltk8.4'
TK_SRC_DIR='/usr/include/tcl8.4/tk-private'
TK_STUB_LIB_FILE='libtkstub8.4.a'
TK_STUB_LIB_FLAG='-ltkstub8.4'
TK_STUB_LIB_SPEC='-L/usr/lib -ltkstub8.4'
TK_VERSION='8.4'
TK_XINCLUDES=''
TOGLLIBDIR=''
TOGL_WINDOWINGSYSTEM='TOGL_X11'
VERSION='4.9.14-dev'
ac_ct_CC='gcc'
ac_ct_CXX='g++'
ac_ct_DUMPBIN=''
am__EXEEXT_FALSE=''
am__EXEEXT_TRUE='#'
am__fastdepCC_FALSE='#'
am__fastdepCC_TRUE=''
am__fastdepCXX_FALSE='#'
am__fastdepCXX_TRUE=''
am__include='include'
am__isrc=''
am__leading_dot='.'
am__quote=''
am__tar='${AMTAR} chof - "$$tardir"'
am__untar='${AMTAR} xf -'
bindir='${exec_prefix}/bin'
build='i686-pc-linux-gnu'
build_alias=''
build_cpu='i686'
build_os='linux-gnu'
build_vendor='pc'
datadir='${datarootdir}'
datarootdir='${prefix}/share'
docdir='${datarootdir}/doc/${PACKAGE_TARNAME}'
dvidir='${docdir}'
exec_prefix='/opt'
host='i686-pc-linux-gnu'
host_alias=''
host_cpu='i686'
host_os='linux-gnu'
host_vendor='pc'
htmldir='${docdir}'
includedir='${prefix}/include'
infodir='${datarootdir}/info'
install_sh='${SHELL} /home/cristina/work/netgen-mesher/netgen/install-sh'
libdir='${exec_prefix}/lib'
libexecdir='${exec_prefix}/libexec'
localedir='${datarootdir}/locale'
localstatedir='${prefix}/var'
lt_ECHO='echo'
mandir='${datarootdir}/man'
mkdir_p='/bin/mkdir -p'
oldincludedir='/usr/include'
pdfdir='${docdir}'
prefix='/opt'
program_transform_name='s,x,x,'
psdir='${docdir}'
sbindir='${exec_prefix}/sbin'
sharedstatedir='${prefix}/com'
sysconfdir='${prefix}/etc'
target_alias=''

## ----------- ##
## confdefs.h. ##
## ----------- ##

/* confdefs.h */
#define PACKAGE_NAME "netgen"
#define PACKAGE_TARNAME "netgen"
#define PACKAGE_VERSION "4.9.14-dev"
#define PACKAGE_STRING "netgen 4.9.14-dev"
#define PACKAGE_BUGREPORT ""
#define PACKAGE_URL ""
#define PACKAGE "netgen"
#define VERSION "4.9.14-dev"
#define BUILD_netgen /**/
#define STDC_HEADERS 1
#define HAVE_SYS_TYPES_H 1
#define HAVE_SYS_STAT_H 1
#define HAVE_STDLIB_H 1
#define HAVE_STRING_H 1
#define HAVE_MEMORY_H 1
#define HAVE_STRINGS_H 1
#define HAVE_INTTYPES_H 1
#define HAVE_STDINT_H 1
#define HAVE_UNISTD_H 1
#define HAVE_DLFCN_H 1
#define LT_OBJDIR ".libs/"
#define HAVE_POW 1
#define HAVE_FLOOR 1
#define HAVE_MATHERR 1
#define HAVE_LIMITS_H 1

configure: exit 0

## ---------------------- ##
## Running config.status. ##
## ---------------------- ##

This file was extended by netgen config.status 4.9.14-dev, which was
generated by GNU Autoconf 2.67.  Invocation command line was

  CONFIG_FILES    = 
  CONFIG_HEADERS  = 
  CONFIG_LINKS    = 
  CONFIG_COMMANDS = 
  $ ./config.status config.h

on cristina-Latitude-D620

config.status:1211: creating config.h
config.status:1391: config.h is unchanged

## ---------------------- ##
## Running config.status. ##
## ---------------------- ##

This file was extended by netgen config.status 4.9.14-dev, which was
generated by GNU Autoconf 2.67.  Invocation command line was

  CONFIG_FILES    = 
  CONFIG_HEADERS  = 
  CONFIG_LINKS    = 
  CONFIG_COMMANDS = 
  $ ./config.status libsrc/include/Makefile

on cristina-Latitude-D620

config.status:1211: creating libsrc/include/Makefile

## ---------------------- ##
## Running config.status. ##
## ---------------------- ##

This file was extended by netgen config.status 4.9.14-dev, which was
generated by GNU Autoconf 2.67.  Invocation command line was

  CONFIG_FILES    = 
  CONFIG_HEADERS  = 
  CONFIG_LINKS    = 
  CONFIG_COMMANDS = 
  $ ./config.status libsrc/include/Makefile

on cristina-Latitude-D620

config.status:1211: creating libsrc/include/Makefile

## ---------------------- ##
## Running config.status. ##
## ---------------------- ##

This file was extended by netgen config.status 4.9.14-dev, which was
generated by GNU Autoconf 2.67.  Invocation command line was

  CONFIG_FILES    = 
  CONFIG_HEADERS  = 
  CONFIG_LINKS    = 
  CONFIG_COMMANDS = 
  $ ./config.status ng/Makefile depfiles

on cristina-Latitude-D620

config.status:1211: creating ng/Makefile
config.status:1439: executing depfiles commands

## ---------------------- ##
## Running config.status. ##
## ---------------------- ##

This file was extended by netgen config.status 4.9.14-dev, which was
generated by GNU Autoconf 2.67.  Invocation command line was

  CONFIG_FILES    = 
  CONFIG_HEADERS  = 
  CONFIG_LINKS    = 
  CONFIG_COMMANDS = 
  $ ./config.status ng/Makefile depfiles

on cristina-Latitude-D620

config.status:1211: creating ng/Makefile
config.status:1439: executing depfiles commands
